<?xml version="1.0" encoding="UTF-8"?>
<!-- Generated by org.testng.reporters.JUnitReportReporter -->
<testsuite hostname="DESKTOP-QUKQUNJ" name="com.Banking.testcases.TC_Iframe" tests="1" failures="0" timestamp="8 Oct 2020 22:35:11 GMT" time="14.838" errors="0">
  <testcase name="Entertexbox" time="14.838" classname="com.Banking.testcases.TC_Iframe"/>
</testsuite> <!-- com.Banking.testcases.TC_Iframe -->
