<?xml version="1.0" encoding="UTF-8"?>
<!-- Generated by org.testng.reporters.JUnitReportReporter -->
<testsuite hostname="DESKTOP-QUKQUNJ" name="com.Banking.testcases.TC_Windowhandler" tests="1" failures="0" timestamp="29 Sep 2020 17:36:12 GMT" time="8.913" errors="0">
  <testcase name="multiplewindows" time="8.913" classname="com.Banking.testcases.TC_Windowhandler"/>
</testsuite> <!-- com.Banking.testcases.TC_Windowhandler -->
