<?xml version="1.0" encoding="UTF-8"?>
<!-- Generated by org.testng.reporters.JUnitReportReporter -->
<testsuite hostname="DESKTOP-QUKQUNJ" failures="0" tests="1" name="com.Banking.testcases.TC_Iframe" time="15.243" errors="0" timestamp="11 Oct 2020 18:27:34 GMT">
  <testcase classname="com.Banking.testcases.TC_Iframe" name="Entertexbox" time="15.243"/>
</testsuite> <!-- com.Banking.testcases.TC_Iframe -->
