<?xml version="1.0" encoding="UTF-8"?>
<!-- Generated by org.testng.reporters.JUnitReportReporter -->
<testsuite hostname="DESKTOP-QUKQUNJ" failures="0" tests="1" name="com.Banking.testcases.TC_Iframe" time="15.119" errors="0" timestamp="9 Oct 2020 14:10:37 GMT">
  <testcase classname="com.Banking.testcases.TC_Iframe" name="Entertexbox" time="15.119"/>
</testsuite> <!-- com.Banking.testcases.TC_Iframe -->
