<?xml version="1.0" encoding="UTF-8"?>
<!-- Generated by org.testng.reporters.JUnitReportReporter -->
<testsuite hostname="DESKTOP-QUKQUNJ" failures="0" tests="1" name="com.Banking.testcases.TC_Login" time="4.233" errors="0" timestamp="11 Oct 2020 18:27:34 GMT">
  <testcase classname="com.Banking.testcases.TC_Login" name="applogin" time="4.233"/>
</testsuite> <!-- com.Banking.testcases.TC_Login -->
